[debug] [2024-09-07T14:53:54.906Z] ----------------------------------------------------------------------
[debug] [2024-09-07T14:53:54.914Z] Command:       /home/dannys/.nvm/versions/node/v22.6.0/bin/node /home/dannys/.nvm/versions/node/v22.6.0/bin/firebase login
[debug] [2024-09-07T14:53:54.914Z] CLI Version:   13.16.0
[debug] [2024-09-07T14:53:54.914Z] Platform:      linux
[debug] [2024-09-07T14:53:54.915Z] Node Version:  v22.6.0
[debug] [2024-09-07T14:53:54.915Z] Time:          Sat Sep 07 2024 15:53:54 GMT+0100 (West Africa Standard Time)
[debug] [2024-09-07T14:53:54.915Z] ----------------------------------------------------------------------
[debug] 
[debug] [2024-09-07T14:53:54.918Z] >>> [apiv2][query] GET https://firebase-public.firebaseio.com/cli.json [none]
[info] i  Firebase optionally collects CLI and Emulator Suite usage and error reporting information to help improve our products. Data is collected in accordance with Google's privacy policy (https://policies.google.com/privacy) and is not used to identify you.
 
[debug] [2024-09-07T14:53:55.943Z] <<< [apiv2][status] GET https://firebase-public.firebaseio.com/cli.json 200
[debug] [2024-09-07T14:53:55.944Z] <<< [apiv2][body] GET https://firebase-public.firebaseio.com/cli.json {"cloudBuildErrorAfter":1594252800000,"cloudBuildWarnAfter":1590019200000,"defaultNode10After":1594252800000,"minVersion":"3.0.5","node8DeploysDisabledAfter":1613390400000,"node8RuntimeDisabledAfter":1615809600000,"node8WarnAfter":1600128000000}
[info] i  To change your data collection preference at any time, run `firebase logout` and log in again. 
[info] 
[info] Visit this URL on this device to log in:
[info] https://accounts.google.com/o/oauth2/auth?client_id=563584335869-fgrhgmd47bqnekij5i8b5pr03ho849e6.apps.googleusercontent.com&scope=email%20openid%20https%3A%2F%2Fwww.googleapis.com%2Fauth%2Fcloudplatformprojects.readonly%20https%3A%2F%2Fwww.googleapis.com%2Fauth%2Ffirebase%20https%3A%2F%2Fwww.googleapis.com%2Fauth%2Fcloud-platform&response_type=code&state=829841102&redirect_uri=http%3A%2F%2Flocalhost%3A9005
[info] 
[info] Waiting for authentication...
[debug] [2024-09-07T14:56:30.310Z] ----------------------------------------------------------------------
[debug] [2024-09-07T14:56:30.313Z] Command:       /home/dannys/.nvm/versions/node/v22.6.0/bin/node /home/dannys/.nvm/versions/node/v22.6.0/bin/firebase login
[debug] [2024-09-07T14:56:30.314Z] CLI Version:   13.16.0
[debug] [2024-09-07T14:56:30.314Z] Platform:      linux
[debug] [2024-09-07T14:56:30.314Z] Node Version:  v22.6.0
[debug] [2024-09-07T14:56:30.314Z] Time:          Sat Sep 07 2024 15:56:30 GMT+0100 (West Africa Standard Time)
[debug] [2024-09-07T14:56:30.314Z] ----------------------------------------------------------------------
[debug] 
[info] i  Firebase optionally collects CLI and Emulator Suite usage and error reporting information to help improve our products. Data is collected in accordance with Google's privacy policy (https://policies.google.com/privacy) and is not used to identify you.
 
